<?xml version="1.0" encoding="UTF-8"?>
<!-- Generated by org.testng.reporters.JUnitReportReporter -->
<testsuite hostname="DESKTOP-G8O6OG0" failures="0" tests="1" name="com.MyTests.D03ReadFromExcel" time="0.032" errors="0" timestamp="2024-12-12T20:33:25 IST" skipped="0">
  <testcase classname="com.MyTests.D03ReadFromExcel" name="readData" time="0.032"/>
</testsuite> <!-- com.MyTests.D03ReadFromExcel -->
