<?xml version="1.0" encoding="UTF-8"?>
<!-- Generated by org.testng.reporters.JUnitReportReporter -->
<testsuite hostname="DESKTOP-G8O6OG0" failures="0" tests="3" name="com.MyTests.D08SampleDataProvider" time="0.023" errors="0" timestamp="2024-12-18T22:09:13 IST" skipped="0">
  <testcase classname="com.MyTests.D08SampleDataProvider" name="login" time="0.014"/>
  <testcase classname="com.MyTests.D08SampleDataProvider" name="login" time="0.002"/>
  <testcase classname="com.MyTests.D08SampleDataProvider" name="login" time="0.007"/>
</testsuite> <!-- com.MyTests.D08SampleDataProvider -->
