<?xml version="1.0" encoding="UTF-8"?>
<!-- Generated by org.testng.reporters.JUnitReportReporter -->
<testsuite hostname="DESKTOP-G8O6OG0" failures="0" tests="2" name="com.MyTests.D02SimpleTest" time="0.015" errors="0" timestamp="2024-12-11T22:17:42 IST" skipped="0">
  <testcase classname="com.MyTests.D02SimpleTest" name="f" time="0.011"/>
  <testcase classname="com.MyTests.D02SimpleTest" name="f" time="0.004"/>
</testsuite> <!-- com.MyTests.D02SimpleTest -->
