<?xml version="1.0" encoding="UTF-8"?>
<!-- Generated by org.testng.reporters.JUnitReportReporter -->
<testsuite hostname="DESKTOP-G8O6OG0" failures="0" tests="4" name="com.TestNGDemos.D04Before_After_Method" time="7.291" errors="0" timestamp="2024-12-04T21:27:12 IST" skipped="0">
  <testcase classname="com.TestNGDemos.D04Before_After_Method" name="rediffTest" time="1.592"/>
  <testcase classname="com.TestNGDemos.D04Before_After_Method" name="OHRMTest" time="3.010"/>
  <testcase classname="com.TestNGDemos.D04Before_After_Method" name="googleTest" time="1.883"/>
  <testcase classname="com.TestNGDemos.D04Before_After_Method" name="bingTest" time="0.806"/>
</testsuite> <!-- com.TestNGDemos.D04Before_After_Method -->
