<?xml version="1.0" encoding="UTF-8"?>
<!-- Generated by org.testng.reporters.JUnitReportReporter -->
<testsuite hostname="DESKTOP-G8O6OG0" failures="0" tests="4" name="com.TestNGDemos.D03Before_After_Test" time="7.401" errors="0" timestamp="2024-12-04T21:15:42 IST" skipped="0">
  <testcase classname="com.TestNGDemos.D03Before_After_Test" name="rediffTest" time="1.592"/>
  <testcase classname="com.TestNGDemos.D03Before_After_Test" name="OHRMTest" time="2.999"/>
  <testcase classname="com.TestNGDemos.D03Before_After_Test" name="googleTest" time="1.781"/>
  <testcase classname="com.TestNGDemos.D03Before_After_Test" name="bingTest" time="1.029"/>
</testsuite> <!-- com.TestNGDemos.D03Before_After_Test -->
