<?xml version="1.0" encoding="UTF-8"?>
<!-- Generated by org.testng.reporters.JUnitReportReporter -->
<testsuite hostname="DESKTOP-G8O6OG0" failures="0" tests="4" name="com.TestNGDemos.D06DataDrivenTesting" time="10.872" errors="0" timestamp="2024-12-05T21:53:33 IST" skipped="0">
  <testcase classname="com.TestNGDemos.D06DataDrivenTesting" name="loginToOHRM" time="3.193"/>
  <testcase classname="com.TestNGDemos.D06DataDrivenTesting" name="loginToOHRM" time="1.347"/>
  <testcase classname="com.TestNGDemos.D06DataDrivenTesting" name="loginToOHRM" time="4.048"/>
  <testcase classname="com.TestNGDemos.D06DataDrivenTesting" name="loginToOHRM" time="2.284"/>
</testsuite> <!-- com.TestNGDemos.D06DataDrivenTesting -->
