<?xml version="1.0" encoding="UTF-8"?>
<!-- Generated by org.testng.reporters.JUnitReportReporter -->
<testsuite hostname="DESKTOP-G8O6OG0" failures="0" tests="1" name="com.TestNGDemos.D12CreateFriendsData" time="0.067" errors="0" timestamp="2024-12-10T21:32:39 IST" skipped="0">
  <testcase classname="com.TestNGDemos.D12CreateFriendsData" name="createData" time="0.067"/>
</testsuite> <!-- com.TestNGDemos.D12CreateFriendsData -->
