<?xml version="1.0" encoding="UTF-8"?>
<!-- Generated by org.testng.reporters.JUnitReportReporter -->
<testsuite hostname="DESKTOP-G8O6OG0" failures="0" tests="2" name="com.TestNGDemos.D05GoogleAssignment" time="10.594" errors="0" timestamp="2024-12-05T22:04:16 IST" skipped="0">
  <testcase classname="com.TestNGDemos.D05GoogleAssignment" name="gmailLink" time="6.766"/>
  <testcase classname="com.TestNGDemos.D05GoogleAssignment" name="imagesLink" time="3.828"/>
</testsuite> <!-- com.TestNGDemos.D05GoogleAssignment -->
