<?xml version="1.0" encoding="UTF-8"?>
<!-- Generated by org.testng.reporters.JUnitReportReporter -->
<testsuite hostname="DESKTOP-G8O6OG0" failures="0" tests="4" name="com.Assignments.OHRM_Login_Logout" time="10.311" errors="0" timestamp="2024-12-04T22:02:45 IST" skipped="0">
  <testcase classname="com.Assignments.OHRM_Login_Logout" name="login1" time="4.835"/>
  <testcase classname="com.Assignments.OHRM_Login_Logout" name="login2" time="1.385"/>
  <testcase classname="com.Assignments.OHRM_Login_Logout" name="login3" time="0.663"/>
  <testcase classname="com.Assignments.OHRM_Login_Logout" name="login4" time="3.428"/>
</testsuite> <!-- com.Assignments.OHRM_Login_Logout -->
