<?xml version="1.0" encoding="UTF-8"?>
<!-- Generated by org.testng.reporters.JUnitReportReporter -->
<testsuite hostname="DESKTOP-G8O6OG0" failures="0" tests="8" name="com.TestNGDemos.D15LoginToOHRM_DDF" time="19.691" errors="0" timestamp="2024-12-11T21:08:28 IST" skipped="0">
  <testcase classname="com.TestNGDemos.D15LoginToOHRM_DDF" name="loginToOHRM" time="1.314"/>
  <testcase classname="com.TestNGDemos.D15LoginToOHRM_DDF" name="loginToOHRM" time="1.339"/>
  <testcase classname="com.TestNGDemos.D15LoginToOHRM_DDF" name="loginToOHRM" time="5.883"/>
  <testcase classname="com.TestNGDemos.D15LoginToOHRM_DDF" name="loginToOHRM" time="1.463"/>
  <testcase classname="com.TestNGDemos.D15LoginToOHRM_DDF" name="loginToOHRM" time="1.399"/>
  <testcase classname="com.TestNGDemos.D15LoginToOHRM_DDF" name="loginToOHRM" time="3.512"/>
  <testcase classname="com.TestNGDemos.D15LoginToOHRM_DDF" name="loginToOHRM" time="1.373"/>
  <testcase classname="com.TestNGDemos.D15LoginToOHRM_DDF" name="loginToOHRM" time="3.408"/>
</testsuite> <!-- com.TestNGDemos.D15LoginToOHRM_DDF -->
