<?xml version="1.0" encoding="UTF-8"?>
<!-- Generated by org.testng.reporters.JUnitReportReporter -->
<testsuite hostname="DESKTOP-G8O6OG0" failures="0" tests="4" name="com.Assignments.OHRM_Login_Logout" time="10.729" errors="0" timestamp="2024-12-05T20:17:22 IST" skipped="0">
  <testcase classname="com.Assignments.OHRM_Login_Logout" name="login2" time="1.422"/>
  <testcase classname="com.Assignments.OHRM_Login_Logout" name="login1" time="3.868"/>
  <testcase classname="com.Assignments.OHRM_Login_Logout" name="login4" time="3.372"/>
  <testcase classname="com.Assignments.OHRM_Login_Logout" name="login3" time="2.067"/>
</testsuite> <!-- com.Assignments.OHRM_Login_Logout -->
