<?xml version="1.0" encoding="UTF-8"?>
<!-- Generated by org.testng.reporters.JUnitReportReporter -->
<testsuite hostname="DESKTOP-G8O6OG0" failures="0" tests="5" name="com.TestNGDemos.D01MyFirstTest" time="24.370" errors="0" timestamp="2024-12-05T21:23:22 IST" skipped="0">
  <testcase classname="com.TestNGDemos.D01MyFirstTest" name="jQueryTest" time="3.762"/>
  <testcase classname="com.TestNGDemos.D01MyFirstTest" name="jQueryTest" time="5.290"/>
  <testcase classname="com.TestNGDemos.D01MyFirstTest" name="jQueryTest" time="4.634"/>
  <testcase classname="com.TestNGDemos.D01MyFirstTest" name="jQueryTest" time="4.674"/>
  <testcase classname="com.TestNGDemos.D01MyFirstTest" name="jQueryTest" time="6.010"/>
</testsuite> <!-- com.TestNGDemos.D01MyFirstTest -->
