<?xml version="1.0" encoding="UTF-8"?>
<!-- Generated by org.testng.reporters.JUnitReportReporter -->
<testsuite hostname="DESKTOP-G8O6OG0" failures="0" tests="5" name="com.TestNGDemos.D13CreateLoginData" time="0.051" errors="0" timestamp="2024-12-10T21:55:03 IST" skipped="0">
  <testcase classname="com.TestNGDemos.D13CreateLoginData" name="createLoginData" time="0.014"/>
  <testcase classname="com.TestNGDemos.D13CreateLoginData" name="createLoginData" time="0.010"/>
  <testcase classname="com.TestNGDemos.D13CreateLoginData" name="createLoginData" time="0.011"/>
  <testcase classname="com.TestNGDemos.D13CreateLoginData" name="createLoginData" time="0.010"/>
  <testcase classname="com.TestNGDemos.D13CreateLoginData" name="createLoginData" time="0.006"/>
</testsuite> <!-- com.TestNGDemos.D13CreateLoginData -->
