<?xml version="1.0" encoding="UTF-8"?>
<!-- Generated by org.testng.reporters.JUnitReportReporter -->
<testsuite hostname="DESKTOP-G8O6OG0" failures="0" tests="2" name="com.TestNGDemos.D14ReadData" time="0.026" errors="0" timestamp="2024-12-10T22:18:49 IST" skipped="1">
  <testcase classname="com.TestNGDemos.D14ReadData" name="readAllData" time="0.026"/>
  <testcase classname="com.TestNGDemos.D14ReadData" name="readData">
    <skipped/>
  </testcase> <!-- readData -->
</testsuite> <!-- com.TestNGDemos.D14ReadData -->
