<?xml version="1.0" encoding="UTF-8"?>
<!-- Generated by org.testng.reporters.JUnitReportReporter -->
<testsuite hostname="DESKTOP-G8O6OG0" failures="0" tests="1" name="com.TestNGDemos.D05GoogleAssignment" time="7.153" errors="0" timestamp="2024-12-09T20:14:17 IST" skipped="0">
  <testcase classname="com.TestNGDemos.D05GoogleAssignment" name="gmailLink" time="7.153"/>
</testsuite> <!-- com.TestNGDemos.D05GoogleAssignment -->
