<?xml version="1.0" encoding="UTF-8"?>
<!-- Generated by org.testng.reporters.JUnitReportReporter -->
<testsuite hostname="DESKTOP-G8O6OG0" failures="0" tests="1" name="com.TestNGDemos.D01MyFirstTest" time="10.506" errors="0" timestamp="2024-12-04T20:39:52 IST" skipped="0">
  <testcase classname="com.TestNGDemos.D01MyFirstTest" name="jQueryTest" time="10.506"/>
</testsuite> <!-- com.TestNGDemos.D01MyFirstTest -->
