<?xml version="1.0" encoding="UTF-8"?>
<!-- Generated by org.testng.reporters.JUnitReportReporter -->
<testsuite hostname="DESKTOP-G8O6OG0" failures="0" tests="2" name="com.AssignmentSolutions.Assignment_OHRM_DDF" time="57.607" errors="0" timestamp="2024-12-18T19:49:41 IST" skipped="0">
  <testcase classname="com.AssignmentSolutions.Assignment_OHRM_DDF" name="test" time="26.416"/>
  <testcase classname="com.AssignmentSolutions.Assignment_OHRM_DDF" name="test" time="31.191"/>
</testsuite> <!-- com.AssignmentSolutions.Assignment_OHRM_DDF -->
