<?xml version="1.0" encoding="UTF-8"?>
<!-- Generated by org.testng.reporters.JUnitReportReporter -->
<testsuite hostname="DESKTOP-G8O6OG0" failures="0" tests="8" name="com.TestNGDemos.D15LoginToOHRM_DDF" time="32.990" errors="0" timestamp="2024-12-18T21:17:11 IST" skipped="0">
  <testcase classname="com.TestNGDemos.D15LoginToOHRM_DDF" name="loginToOHRM" time="3.092"/>
  <testcase classname="com.TestNGDemos.D15LoginToOHRM_DDF" name="loginToOHRM" time="3.585"/>
  <testcase classname="com.TestNGDemos.D15LoginToOHRM_DDF" name="loginToOHRM" time="4.333"/>
  <testcase classname="com.TestNGDemos.D15LoginToOHRM_DDF" name="loginToOHRM" time="4.098"/>
  <testcase classname="com.TestNGDemos.D15LoginToOHRM_DDF" name="loginToOHRM" time="5.239"/>
  <testcase classname="com.TestNGDemos.D15LoginToOHRM_DDF" name="loginToOHRM" time="3.418"/>
  <testcase classname="com.TestNGDemos.D15LoginToOHRM_DDF" name="loginToOHRM" time="4.206"/>
  <testcase classname="com.TestNGDemos.D15LoginToOHRM_DDF" name="loginToOHRM" time="5.019"/>
</testsuite> <!-- com.TestNGDemos.D15LoginToOHRM_DDF -->
