<?xml version="1.0" encoding="UTF-8"?>
<!-- Generated by org.testng.reporters.JUnitReportReporter -->
<testsuite hostname="DESKTOP-G8O6OG0" failures="0" tests="4" name="com.TestNGDemos.D06DataDrivenTesting" time="13.204" errors="0" timestamp="2024-12-09T21:10:58 IST" skipped="0">
  <testcase classname="com.TestNGDemos.D06DataDrivenTesting" name="loginToOHRM" time="2.834"/>
  <testcase classname="com.TestNGDemos.D06DataDrivenTesting" name="loginToOHRM" time="2.494"/>
  <testcase classname="com.TestNGDemos.D06DataDrivenTesting" name="loginToOHRM" time="1.770"/>
  <testcase classname="com.TestNGDemos.D06DataDrivenTesting" name="loginToOHRM" time="6.106"/>
</testsuite> <!-- com.TestNGDemos.D06DataDrivenTesting -->
