<?xml version="1.0" encoding="UTF-8"?>
<!-- Generated by org.testng.reporters.JUnitReportReporter -->
<testsuite hostname="DESKTOP-G8O6OG0" failures="0" tests="8" name="com.TestNGDemos.D15LoginToOHRM_DDF" time="32.318" errors="0" timestamp="2024-12-12T20:44:32 IST" skipped="0">
  <testcase classname="com.TestNGDemos.D15LoginToOHRM_DDF" name="loginToOHRM" time="3.558"/>
  <testcase classname="com.TestNGDemos.D15LoginToOHRM_DDF" name="loginToOHRM" time="3.646"/>
  <testcase classname="com.TestNGDemos.D15LoginToOHRM_DDF" name="loginToOHRM" time="3.503"/>
  <testcase classname="com.TestNGDemos.D15LoginToOHRM_DDF" name="loginToOHRM" time="5.042"/>
  <testcase classname="com.TestNGDemos.D15LoginToOHRM_DDF" name="loginToOHRM" time="3.202"/>
  <testcase classname="com.TestNGDemos.D15LoginToOHRM_DDF" name="loginToOHRM" time="4.755"/>
  <testcase classname="com.TestNGDemos.D15LoginToOHRM_DDF" name="loginToOHRM" time="6.158"/>
  <testcase classname="com.TestNGDemos.D15LoginToOHRM_DDF" name="loginToOHRM" time="2.454"/>
</testsuite> <!-- com.TestNGDemos.D15LoginToOHRM_DDF -->
