<?xml version="1.0" encoding="UTF-8"?>
<!-- Generated by org.testng.reporters.JUnitReportReporter -->
<testsuite hostname="DESKTOP-G8O6OG0" failures="0" tests="4" name="com.TestNGDemos.D02MultipleTests" time="53.751" errors="0" timestamp="2024-12-05T22:10:15 IST" skipped="0">
  <testcase classname="com.TestNGDemos.D02MultipleTests" name="rediffTest" time="28.667"/>
  <testcase classname="com.TestNGDemos.D02MultipleTests" name="oHRMTest" time="13.278"/>
  <testcase classname="com.TestNGDemos.D02MultipleTests" name="googleTest" time="6.755"/>
  <testcase classname="com.TestNGDemos.D02MultipleTests" name="bingTest" time="5.051"/>
</testsuite> <!-- com.TestNGDemos.D02MultipleTests -->
