<?xml version="1.0" encoding="UTF-8"?>
<!-- Generated by org.testng.reporters.JUnitReportReporter -->
<testsuite hostname="DESKTOP-G8O6OG0" failures="0" tests="4" name="com.TestNGDemos.D02MultipleTests" time="26.960" errors="0" timestamp="2024-12-04T20:54:25 IST" skipped="0">
  <testcase classname="com.TestNGDemos.D02MultipleTests" name="rediffTest" time="7.689"/>
  <testcase classname="com.TestNGDemos.D02MultipleTests" name="oHRMTest" time="7.647"/>
  <testcase classname="com.TestNGDemos.D02MultipleTests" name="googleTest" time="6.277"/>
  <testcase classname="com.TestNGDemos.D02MultipleTests" name="bingTest" time="5.347"/>
</testsuite> <!-- com.TestNGDemos.D02MultipleTests -->
